<?xml version="1.0" encoding="UTF-8"?>
<!-- Generated by org.testng.reporters.JUnitReportReporter -->
<testsuite skipped="0" hostname="Naveen" name="com.crm.autodesk.quotetest.ExportContacts" tests="1" failures="0" timestamp="2021-01-27T01:16:44 IST" time="30.338" errors="0">
  <testcase name="createContact" time="30.338" classname="com.crm.autodesk.quotetest.ExportContacts"/>
  <system-out/>
</testsuite> <!-- com.crm.autodesk.quotetest.ExportContacts -->
