<?xml version="1.0" encoding="UTF-8"?>
<!-- Generated by org.testng.reporters.JUnitReportReporter -->
<testsuite skipped="0" hostname="Naveen" name="com.crm.autodesk.contacttest.CreateContact" tests="1" failures="0" timestamp="2021-01-27T00:57:39 IST" time="35.875" errors="0">
  <testcase name="createContactWitORgTest" time="35.875" classname="com.crm.autodesk.contacttest.CreateContact"/>
  <system-out/>
</testsuite> <!-- com.crm.autodesk.contacttest.CreateContact -->
