<?xml version="1.0" encoding="UTF-8"?>
<!-- Generated by org.testng.reporters.JUnitReportReporter -->
<testsuite skipped="0" hostname="Naveen" name="com.crm.autodesk.quotetest.ClearContact" tests="1" failures="0" timestamp="2021-01-27T00:50:39 IST" time="54.160" errors="0">
  <testcase name="createContactWitORgTest" time="54.160" classname="com.crm.autodesk.quotetest.ClearContact"/>
  <system-out/>
</testsuite> <!-- com.crm.autodesk.quotetest.ClearContact -->
